0 info it worked if it ends with ok
1 verbose cli [ '/usr/bin/nodejs', '/usr/bin/npm', 'install', 'node@6.11.0' ]
2 info using npm@1.3.10
3 info using node@v0.10.25
4 warn package.json node@0.0.0 No repository field.
5 verbose readDependencies using package.json deps
6 verbose cache add [ 'node@6.11.0', null ]
7 verbose cache add name=undefined spec="node@6.11.0" args=["node@6.11.0",null]
8 verbose parsed url { protocol: null,
8 verbose parsed url   slashes: null,
8 verbose parsed url   auth: null,
8 verbose parsed url   host: null,
8 verbose parsed url   port: null,
8 verbose parsed url   hostname: null,
8 verbose parsed url   hash: null,
8 verbose parsed url   search: null,
8 verbose parsed url   query: null,
8 verbose parsed url   pathname: 'node@6.11.0',
8 verbose parsed url   path: 'node@6.11.0',
8 verbose parsed url   href: 'node@6.11.0' }
9 verbose cache add name="node" spec="6.11.0" args=["node","6.11.0"]
10 verbose parsed url { protocol: null,
10 verbose parsed url   slashes: null,
10 verbose parsed url   auth: null,
10 verbose parsed url   host: null,
10 verbose parsed url   port: null,
10 verbose parsed url   hostname: null,
10 verbose parsed url   hash: null,
10 verbose parsed url   search: null,
10 verbose parsed url   query: null,
10 verbose parsed url   pathname: '6.11.0',
10 verbose parsed url   path: '6.11.0',
10 verbose parsed url   href: '6.11.0' }
11 verbose addNamed [ 'node', '6.11.0' ]
12 verbose addNamed [ '6.11.0', '6.11.0' ]
13 silly lockFile 183b3a92-node-6-11-0 node@6.11.0
14 verbose lock node@6.11.0 /home/carlos/.npm/183b3a92-node-6-11-0.lock
15 verbose url raw node/6.11.0
16 verbose url resolving [ 'https://registry.npmjs.org/', './node/6.11.0' ]
17 verbose url resolved https://registry.npmjs.org/node/6.11.0
18 info trying registry request attempt 1 at 02:13:53
19 http GET https://registry.npmjs.org/node/6.11.0
20 http 404 https://registry.npmjs.org/node/6.11.0
21 silly registry.get cb [ 404,
21 silly registry.get   { server: 'CouchDB/1.5.0 (Erlang OTP/R16B03)',
21 silly registry.get     etag: '"4RB0I162TMBFF7IWMPCBRMD3L"',
21 silly registry.get     'content-type': 'application/json',
21 silly registry.get     'cache-control': 'max-age=0',
21 silly registry.get     'content-length': '37',
21 silly registry.get     'accept-ranges': 'bytes',
21 silly registry.get     date: 'Wed, 07 Jun 2017 00:13:59 GMT',
21 silly registry.get     via: '1.1 varnish',
21 silly registry.get     age: '0',
21 silly registry.get     connection: 'keep-alive',
21 silly registry.get     'x-served-by': 'cache-mad9425-MAD',
21 silly registry.get     'x-cache': 'MISS',
21 silly registry.get     'x-cache-hits': '0',
21 silly registry.get     'x-timer': 'S1496794439.942144,VS0,VE451',
21 silly registry.get     vary: 'Accept' } ]
22 silly lockFile 183b3a92-node-6-11-0 node@6.11.0
23 silly lockFile 183b3a92-node-6-11-0 node@6.11.0
24 error Error: version not found: 6.11.0 : node/6.11.0
24 error     at RegClient.<anonymous> (/usr/share/npm/node_modules/npm-registry-client/lib/request.js:272:14)
24 error     at Request.self.callback (/usr/lib/nodejs/request/index.js:148:22)
24 error     at Request.EventEmitter.emit (events.js:98:17)
24 error     at Request.<anonymous> (/usr/lib/nodejs/request/index.js:896:14)
24 error     at Request.EventEmitter.emit (events.js:117:20)
24 error     at IncomingMessage.<anonymous> (/usr/lib/nodejs/request/index.js:847:12)
24 error     at IncomingMessage.EventEmitter.emit (events.js:117:20)
24 error     at _stream_readable.js:920:16
24 error     at process._tickCallback (node.js:415:13)
25 error If you need help, you may report this log at:
25 error     <http://github.com/isaacs/npm/issues>
25 error or email it to:
25 error     <npm-@googlegroups.com>
26 error System Linux 3.13.0-119-generic
27 error command "/usr/bin/nodejs" "/usr/bin/npm" "install" "node@6.11.0"
28 error cwd /home/carlos/practicaquiz/quiz_2017
29 error node -v v0.10.25
30 error npm -v 1.3.10
31 verbose exit [ 1, true ]
